<?xml version="1.0" encoding="UTF-8"?>
<!-- Generated by org.testng.reporters.JUnitReportReporter -->
<testsuite hostname="sajid" failures="0" tests="1" name="testCases.TC001_AccountRegistrationTest" time="4.324" errors="0" timestamp="2025-07-22T20:08:30 IST" skipped="0">
  <testcase classname="testCases.TC001_AccountRegistrationTest" name="verify_account_registration" time="4.324"/>
</testsuite> <!-- testCases.TC001_AccountRegistrationTest -->
